mode: atomic
github.com/charchess/dataAngel/internal/sidecar/config.go:24.36,26.18 2 6
github.com/charchess/dataAngel/internal/sidecar/config.go:26.18,28.3 1 1
github.com/charchess/dataAngel/internal/sidecar/config.go:30.2,37.79 6 5
github.com/charchess/dataAngel/internal/sidecar/config.go:37.79,39.32 2 0
github.com/charchess/dataAngel/internal/sidecar/config.go:39.32,41.4 1 0
github.com/charchess/dataAngel/internal/sidecar/config.go:45.2,46.68 2 5
github.com/charchess/dataAngel/internal/sidecar/config.go:46.68,48.29 2 0
github.com/charchess/dataAngel/internal/sidecar/config.go:48.29,50.4 1 0
github.com/charchess/dataAngel/internal/sidecar/config.go:54.2,55.78 2 5
github.com/charchess/dataAngel/internal/sidecar/config.go:55.78,57.32 2 0
github.com/charchess/dataAngel/internal/sidecar/config.go:57.32,59.4 1 0
github.com/charchess/dataAngel/internal/sidecar/config.go:62.2,71.8 1 5
github.com/charchess/dataAngel/internal/sidecar/config.go:75.38,76.17 1 15
github.com/charchess/dataAngel/internal/sidecar/config.go:76.17,78.3 1 10
github.com/charchess/dataAngel/internal/sidecar/config.go:80.2,83.29 3 5
github.com/charchess/dataAngel/internal/sidecar/config.go:83.29,85.20 2 11
github.com/charchess/dataAngel/internal/sidecar/config.go:85.20,87.4 1 11
github.com/charchess/dataAngel/internal/sidecar/config.go:90.2,90.15 1 5
github.com/charchess/dataAngel/internal/sidecar/daemon.go:20.39,23.44 2 5
github.com/charchess/dataAngel/internal/sidecar/daemon.go:23.44,31.3 2 5
github.com/charchess/dataAngel/internal/sidecar/daemon.go:34.2,49.3 5 5
github.com/charchess/dataAngel/internal/sidecar/daemon.go:53.51,57.42 2 3
github.com/charchess/dataAngel/internal/sidecar/daemon.go:57.42,59.22 2 3
github.com/charchess/dataAngel/internal/sidecar/daemon.go:59.22,62.4 2 3
github.com/charchess/dataAngel/internal/sidecar/daemon.go:66.2,66.21 1 3
github.com/charchess/dataAngel/internal/sidecar/daemon.go:66.21,70.3 3 3
github.com/charchess/dataAngel/internal/sidecar/daemon.go:73.2,73.21 1 3
github.com/charchess/dataAngel/internal/sidecar/daemon.go:73.21,78.3 3 3
github.com/charchess/dataAngel/internal/sidecar/daemon.go:81.2,90.12 5 3
github.com/charchess/dataAngel/internal/sidecar/litestream.go:19.78,20.28 1 0
github.com/charchess/dataAngel/internal/sidecar/litestream.go:20.28,21.25 1 0
github.com/charchess/dataAngel/internal/sidecar/litestream.go:21.25,23.4 1 0
github.com/charchess/dataAngel/internal/sidecar/litestream.go:24.3,24.13 1 0
github.com/charchess/dataAngel/internal/sidecar/litestream.go:26.2,27.18 2 0
github.com/charchess/dataAngel/internal/sidecar/litestream.go:45.77,50.2 1 13
github.com/charchess/dataAngel/internal/sidecar/litestream.go:53.58,61.32 5 10
github.com/charchess/dataAngel/internal/sidecar/litestream.go:61.32,63.3 1 9
github.com/charchess/dataAngel/internal/sidecar/litestream.go:65.2,69.12 4 10
github.com/charchess/dataAngel/internal/sidecar/litestream.go:73.66,75.28 2 6
github.com/charchess/dataAngel/internal/sidecar/litestream.go:75.28,76.25 1 0
github.com/charchess/dataAngel/internal/sidecar/litestream.go:76.25,78.4 1 0
github.com/charchess/dataAngel/internal/sidecar/litestream.go:79.3,79.13 1 0
github.com/charchess/dataAngel/internal/sidecar/litestream.go:81.2,83.32 2 6
github.com/charchess/dataAngel/internal/sidecar/metrics.go:33.35,34.17 1 6
github.com/charchess/dataAngel/internal/sidecar/metrics.go:34.17,93.3 6 1
github.com/charchess/dataAngel/internal/sidecar/metrics.go:95.2,95.23 1 6
github.com/charchess/dataAngel/internal/sidecar/metrics.go:99.41,103.21 3 1
github.com/charchess/dataAngel/internal/sidecar/metrics.go:103.21,106.3 2 0
github.com/charchess/dataAngel/internal/sidecar/metrics.go:110.52,114.2 3 2
github.com/charchess/dataAngel/internal/sidecar/metrics.go:117.57,125.12 2 0
github.com/charchess/dataAngel/internal/sidecar/metrics.go:125.12,126.80 1 0
github.com/charchess/dataAngel/internal/sidecar/metrics.go:126.81,128.4 0 0
github.com/charchess/dataAngel/internal/sidecar/metrics.go:131.2,131.12 1 0
github.com/charchess/dataAngel/internal/sidecar/rclone.go:27.57,32.2 1 12
github.com/charchess/dataAngel/internal/sidecar/rclone.go:35.50,36.39 1 2
github.com/charchess/dataAngel/internal/sidecar/rclone.go:36.39,38.76 1 3
github.com/charchess/dataAngel/internal/sidecar/rclone.go:38.76,40.4 1 1
github.com/charchess/dataAngel/internal/sidecar/rclone.go:42.2,42.13 1 1
github.com/charchess/dataAngel/internal/sidecar/rclone.go:46.61,59.2 7 14
github.com/charchess/dataAngel/internal/sidecar/rclone.go:62.56,70.6 4 6
github.com/charchess/dataAngel/internal/sidecar/rclone.go:70.6,71.10 1 10
github.com/charchess/dataAngel/internal/sidecar/rclone.go:72.21,73.10 1 6
github.com/charchess/dataAngel/internal/sidecar/rclone.go:74.19,75.19 1 4
github.com/charchess/dataAngel/internal/sidecar/rclone.go:81.54,82.39 1 10
github.com/charchess/dataAngel/internal/sidecar/rclone.go:82.39,84.29 2 13
github.com/charchess/dataAngel/internal/sidecar/rclone.go:84.29,85.26 1 0
github.com/charchess/dataAngel/internal/sidecar/rclone.go:85.26,87.5 1 0
github.com/charchess/dataAngel/internal/sidecar/rclone.go:88.4,88.14 1 0
github.com/charchess/dataAngel/internal/sidecar/rclone.go:90.3,93.30 2 13
github.com/charchess/dataAngel/internal/sidecar/shutdown.go:12.65,21.2 2 3
github.com/charchess/dataAngel/internal/sidecar/shutdown.go:25.43,27.2 1 2
github.com/charchess/dataAngel/internal/sidecar/yaml_cache.go:26.32,30.2 1 7
github.com/charchess/dataAngel/internal/sidecar/yaml_cache.go:33.52,34.29 1 19
github.com/charchess/dataAngel/internal/sidecar/yaml_cache.go:34.29,37.17 2 19
github.com/charchess/dataAngel/internal/sidecar/yaml_cache.go:37.17,39.4 1 1
github.com/charchess/dataAngel/internal/sidecar/yaml_cache.go:41.3,49.61 6 18
github.com/charchess/dataAngel/internal/sidecar/yaml_cache.go:49.61,54.12 4 10
github.com/charchess/dataAngel/internal/sidecar/yaml_cache.go:58.3,59.17 2 8
github.com/charchess/dataAngel/internal/sidecar/yaml_cache.go:59.17,61.4 1 0
github.com/charchess/dataAngel/internal/sidecar/yaml_cache.go:63.3,64.58 2 8
github.com/charchess/dataAngel/internal/sidecar/yaml_cache.go:64.58,66.4 1 1
github.com/charchess/dataAngel/internal/sidecar/yaml_cache.go:69.3,76.16 4 7
github.com/charchess/dataAngel/internal/sidecar/yaml_cache.go:79.2,79.12 1 17
github.com/charchess/dataAngel/internal/sidecar/yaml_cache.go:83.40,87.2 3 2
